<?xml version="1.0" encoding="UTF-8"?>
<testsuite xmlns:xsi="http://www.w3.org/2001/XMLSchema-instance" xsi:noNamespaceSchemaLocation="https://maven.apache.org/surefire/maven-surefire-plugin/xsd/surefire-test-report-3.0.xsd" version="3.0" name="com.mycompany.test.connection.ConnectionTests" time="0.553" tests="3" errors="0" skipped="0" failures="0">
  <properties>
[...]
</properties>
  <testcase name="testSingletonInstance" classname="com.mycompany.test.connection.ConnectionTests" time="0.442"/>
  <testcase name="testConnectionIsValid" classname="com.mycompany.test.connection.ConnectionTests" time="0.016"/>
  <testcase name="testCanExecuteQuery" classname="com.mycompany.test.connection.ConnectionTests" time="0.031"/>
</testsuite>